127.0.0.1 - - [31/Mar/2017:15:32:24 +0200] "GET / HTTP/1.1" 200 27411 "-" "Mozilla/5.0 (Windows NT 10.0; Win64; x64) AppleWebKit/537.36 (KHTML, like Gecko) Chrome/56.0.2924.87 Safari/537.36"
127.0.0.1 - - [31/Mar/2017:15:32:25 +0200] "GET /favicon.ico HTTP/1.1" 200 6518 "http://blatoph-server.local/" "Mozilla/5.0 (Windows NT 10.0; Win64; x64) AppleWebKit/537.36 (KHTML, like Gecko) Chrome/56.0.2924.87 Safari/537.36"
127.0.0.1 - - [31/Mar/2017:15:32:25 +0200] "GET /_wdt/5d41a1 HTTP/1.1" 200 27631 "http://blatoph-server.local/" "Mozilla/5.0 (Windows NT 10.0; Win64; x64) AppleWebKit/537.36 (KHTML, like Gecko) Chrome/56.0.2924.87 Safari/537.36"
127.0.0.1 - - [31/Mar/2017:15:35:02 +0200] "GET / HTTP/1.1" 200 27411 "-" "Mozilla/5.0 (Windows NT 10.0; Win64; x64) AppleWebKit/537.36 (KHTML, like Gecko) Chrome/56.0.2924.87 Safari/537.36"
127.0.0.1 - - [31/Mar/2017:15:35:03 +0200] "GET /_wdt/55404a HTTP/1.1" 200 27631 "http://blatoph-server.local/" "Mozilla/5.0 (Windows NT 10.0; Win64; x64) AppleWebKit/537.36 (KHTML, like Gecko) Chrome/56.0.2924.87 Safari/537.36"
127.0.0.1 - - [31/Mar/2017:15:36:02 +0200] "-" 408 - "-" "-"
::1 - - [31/Mar/2017:15:42:36 +0200] "GET / HTTP/1.1" 200 27397 "-" "Mozilla/5.0 (Windows NT 10.0; Win64; x64) AppleWebKit/537.36 (KHTML, like Gecko) Chrome/56.0.2924.87 Safari/537.36"
::1 - - [31/Mar/2017:15:42:37 +0200] "GET /_wdt/c8eda9 HTTP/1.1" 200 27631 "http://localhost/" "Mozilla/5.0 (Windows NT 10.0; Win64; x64) AppleWebKit/537.36 (KHTML, like Gecko) Chrome/56.0.2924.87 Safari/537.36"
::1 - - [31/Mar/2017:15:43:36 +0200] "-" 408 - "-" "-"
::1 - - [31/Mar/2017:15:43:36 +0200] "-" 408 - "-" "-"
::1 - - [31/Mar/2017:15:43:36 +0200] "-" 408 - "-" "-"
::1 - - [31/Mar/2017:15:43:36 +0200] "-" 408 - "-" "-"
::1 - - [31/Mar/2017:22:35:02 +0200] "GET /phpmyadmin/ HTTP/1.1" 200 3109 "-" "Mozilla/5.0 (Windows NT 10.0; Win64; x64) AppleWebKit/537.36 (KHTML, like Gecko) Chrome/56.0.2924.87 Safari/537.36"
::1 - - [31/Mar/2017:22:35:02 +0200] "GET /phpmyadmin/js/whitelist.php?lang=fr&db=&token=bda9cecf33e4fbca84ec1961719901a4&v=4.6.4 HTTP/1.1" 200 475 "-" "Mozilla/5.0 (Windows NT 10.0; Win64; x64) AppleWebKit/537.36 (KHTML, like Gecko) Chrome/56.0.2924.87 Safari/537.36"
::1 - - [31/Mar/2017:22:35:02 +0200] "GET /phpmyadmin/js/get_image.js.php?theme=pmahomme&v=4.6.4 HTTP/1.1" 200 1833 "-" "Mozilla/5.0 (Windows NT 10.0; Win64; x64) AppleWebKit/537.36 (KHTML, like Gecko) Chrome/56.0.2924.87 Safari/537.36"
::1 - - [31/Mar/2017:22:35:02 +0200] "GET /phpmyadmin/js/get_scripts.js.php?scripts%5B%5D=jquery/jquery-2.1.4.min.js&scripts%5B%5D=sprintf.js&scripts%5B%5D=ajax.js&scripts%5B%5D=keyhandler.js&scripts%5B%5D=jquery/jquery-ui-1.11.4.min.js&scripts%5B%5D=jquery/jquery.cookie.js&scripts%5B%5D=jquery/jquery.mousewheel.js&scripts%5B%5D=jquery/jquery.event.drag-2.2.js&scripts%5B%5D=jquery/jquery-ui-timepicker-addon.js&scripts%5B%5D=jquery/jquery.ba-hashchange-1.3.js&v=4.6.4 HTTP/1.1" 200 134175 "-" "Mozilla/5.0 (Windows NT 10.0; Win64; x64) AppleWebKit/537.36 (KHTML, like Gecko) Chrome/56.0.2924.87 Safari/537.36"
::1 - - [31/Mar/2017:22:35:02 +0200] "GET /phpmyadmin/js/get_scripts.js.php?scripts%5B%5D=indexes.js&scripts%5B%5D=common.js&scripts%5B%5D=page_settings.js&scripts%5B%5D=codemirror/lib/codemirror.js&scripts%5B%5D=codemirror/mode/sql/sql.js&scripts%5B%5D=codemirror/addon/runmode/runmode.js&scripts%5B%5D=codemirror/addon/hint/show-hint.js&scripts%5B%5D=codemirror/addon/hint/sql-hint.js&scripts%5B%5D=codemirror/addon/lint/lint.js&scripts%5B%5D=codemirror/addon/lint/sql-lint.js&v=4.6.4 HTTP/1.1" 200 118880 "-" "Mozilla/5.0 (Windows NT 10.0; Win64; x64) AppleWebKit/537.36 (KHTML, like Gecko) Chrome/56.0.2924.87 Safari/537.36"
::1 - - [31/Mar/2017:22:35:02 +0200] "GET /phpmyadmin/js/get_scripts.js.php?scripts%5B%5D=console.js&v=4.6.4 HTTP/1.1" 200 10706 "-" "Mozilla/5.0 (Windows NT 10.0; Win64; x64) AppleWebKit/537.36 (KHTML, like Gecko) Chrome/56.0.2924.87 Safari/537.36"
::1 - - [31/Mar/2017:22:35:02 +0200] "GET /phpmyadmin/phpmyadmin.css.php?nocache=4414152154ltr HTTP/1.1" 200 20060 "-" "Mozilla/5.0 (Windows NT 10.0; Win64; x64) AppleWebKit/537.36 (KHTML, like Gecko) Chrome/56.0.2924.87 Safari/537.36"
::1 - - [31/Mar/2017:22:35:03 +0200] "GET /phpmyadmin/js/get_scripts.js.php?scripts%5B%5D=jquery/jquery.debounce-1.0.5.js&scripts%5B%5D=menu-resizer.js&scripts%5B%5D=cross_framing_protection.js&scripts%5B%5D=rte.js&scripts%5B%5D=tracekit/tracekit.js&scripts%5B%5D=error_report.js&scripts%5B%5D=config.js&scripts%5B%5D=doclinks.js&scripts%5B%5D=functions.js&scripts%5B%5D=navigation.js&v=4.6.4 HTTP/1.1" 200 80939 "-" "Mozilla/5.0 (Windows NT 10.0; Win64; x64) AppleWebKit/537.36 (KHTML, like Gecko) Chrome/56.0.2924.87 Safari/537.36"
::1 - - [31/Mar/2017:22:35:03 +0200] "GET /phpmyadmin/js/messages.php?lang=fr&db=&token=bda9cecf33e4fbca84ec1961719901a4&v=4.6.4 HTTP/1.1" 200 9507 "-" "Mozilla/5.0 (Windows NT 10.0; Win64; x64) AppleWebKit/537.36 (KHTML, like Gecko) Chrome/56.0.2924.87 Safari/537.36"
::1 - - [31/Mar/2017:22:35:08 +0200] "POST /phpmyadmin/index.php HTTP/1.1" 302 25 "-" "Mozilla/5.0 (Windows NT 10.0; Win64; x64) AppleWebKit/537.36 (KHTML, like Gecko) Chrome/56.0.2924.87 Safari/537.36"
::1 - - [31/Mar/2017:22:35:08 +0200] "GET /phpmyadmin/index.php?token=27d910a7826408c1efc6bc49caf1b514 HTTP/1.1" 200 13389 "-" "Mozilla/5.0 (Windows NT 10.0; Win64; x64) AppleWebKit/537.36 (KHTML, like Gecko) Chrome/56.0.2924.87 Safari/537.36"
::1 - - [31/Mar/2017:22:35:08 +0200] "GET /phpmyadmin/phpmyadmin.css.php?nocache=5905100377ltr HTTP/1.1" 200 20060 "-" "Mozilla/5.0 (Windows NT 10.0; Win64; x64) AppleWebKit/537.36 (KHTML, like Gecko) Chrome/56.0.2924.87 Safari/537.36"
::1 - - [31/Mar/2017:22:35:08 +0200] "GET /phpmyadmin/js/whitelist.php?lang=fr&db=&token=27d910a7826408c1efc6bc49caf1b514&v=4.6.4 HTTP/1.1" 200 475 "-" "Mozilla/5.0 (Windows NT 10.0; Win64; x64) AppleWebKit/537.36 (KHTML, like Gecko) Chrome/56.0.2924.87 Safari/537.36"
::1 - - [31/Mar/2017:22:35:08 +0200] "GET /phpmyadmin/js/messages.php?lang=fr&db=&token=27d910a7826408c1efc6bc49caf1b514&v=4.6.4 HTTP/1.1" 200 9507 "-" "Mozilla/5.0 (Windows NT 10.0; Win64; x64) AppleWebKit/537.36 (KHTML, like Gecko) Chrome/56.0.2924.87 Safari/537.36"
::1 - - [31/Mar/2017:22:35:09 +0200] "POST /phpmyadmin/db_structure.php?ajax_request=1&favorite_table=1&sync_favorite_tables=1&token=27d910a7826408c1efc6bc49caf1b514 HTTP/1.1" 200 164 "-" "Mozilla/5.0 (Windows NT 10.0; Win64; x64) AppleWebKit/537.36 (KHTML, like Gecko) Chrome/56.0.2924.87 Safari/537.36"
::1 - - [31/Mar/2017:22:35:09 +0200] "POST /phpmyadmin/version_check.php HTTP/1.1" 200 28 "-" "Mozilla/5.0 (Windows NT 10.0; Win64; x64) AppleWebKit/537.36 (KHTML, like Gecko) Chrome/56.0.2924.87 Safari/537.36"
::1 - - [31/Mar/2017:22:38:36 +0200] "GET /phpmyadmin/db_structure.php?server=1&db=blatoph&token=27d910a7826408c1efc6bc49caf1b514&ajax_request=true&ajax_page_request=true&_nocache=1490992716289192505 HTTP/1.1" 200 5467 "-" "Mozilla/5.0 (Windows NT 10.0; Win64; x64) AppleWebKit/537.36 (KHTML, like Gecko) Chrome/56.0.2924.87 Safari/537.36"
::1 - - [31/Mar/2017:22:38:36 +0200] "GET /phpmyadmin/navigation.php?ajax_request=1&token=27d910a7826408c1efc6bc49caf1b514&aPath=cm9vdA%3D%3D.YmxhdG9waA%3D%3D&vPath=cm9vdA%3D%3D.YmxhdG9waA%3D%3D&pos=0&pos2_name=&pos2_value=&searchClause=&searchClause2=&_nocache=1490992716825108291 HTTP/1.1" 200 1911 "-" "Mozilla/5.0 (Windows NT 10.0; Win64; x64) AppleWebKit/537.36 (KHTML, like Gecko) Chrome/56.0.2924.87 Safari/537.36"
::1 - - [31/Mar/2017:22:38:36 +0200] "GET /phpmyadmin/js/get_scripts.js.php?scripts%5B%5D=db_structure.js&scripts%5B%5D=tbl_change.js&call_done=1&v=4.6.4 HTTP/1.1" 200 10577 "-" "Mozilla/5.0 (Windows NT 10.0; Win64; x64) AppleWebKit/537.36 (KHTML, like Gecko) Chrome/56.0.2924.87 Safari/537.36"
::1 - - [31/Mar/2017:22:38:41 +0200] "GET /phpmyadmin/sql.php?db=blatoph&token=27d910a7826408c1efc6bc49caf1b514&goto=db_structure.php&table=utilisateur&pos=0&ajax_request=true&ajax_page_request=true&_nocache=1490992721449314286 HTTP/1.1" 200 4846 "-" "Mozilla/5.0 (Windows NT 10.0; Win64; x64) AppleWebKit/537.36 (KHTML, like Gecko) Chrome/56.0.2924.87 Safari/537.36"
::1 - - [31/Mar/2017:22:38:41 +0200] "GET /phpmyadmin/js/get_scripts.js.php?scripts%5B%5D=jquery/jquery.uitablefilter.js&scripts%5B%5D=gis_data_editor.js&scripts%5B%5D=multi_column_sort.js&call_done=1&v=4.6.4 HTTP/1.1" 200 5822 "-" "Mozilla/5.0 (Windows NT 10.0; Win64; x64) AppleWebKit/537.36 (KHTML, like Gecko) Chrome/56.0.2924.87 Safari/537.36"
::1 - - [31/Mar/2017:22:38:42 +0200] "GET /phpmyadmin/index.php?ajax_request=1&recent_table=1&token=27d910a7826408c1efc6bc49caf1b514&no_debug=true&_nocache=1490992722182980267 HTTP/1.1" 200 1447 "-" "Mozilla/5.0 (Windows NT 10.0; Win64; x64) AppleWebKit/537.36 (KHTML, like Gecko) Chrome/56.0.2924.87 Safari/537.36"
::1 - - [31/Mar/2017:23:02:37 +0200] "POST /phpmyadmin/index.php HTTP/1.1" 200 1454 "-" "Mozilla/5.0 (Windows NT 10.0; Win64; x64) AppleWebKit/537.36 (KHTML, like Gecko) Chrome/56.0.2924.87 Safari/537.36"
::1 - - [31/Mar/2017:23:11:25 +0200] "POST /phpmyadmin/index.php HTTP/1.1" 200 1454 "-" "Mozilla/5.0 (Windows NT 10.0; Win64; x64) AppleWebKit/537.36 (KHTML, like Gecko) Chrome/56.0.2924.87 Safari/537.36"
